0 info it worked if it ends with ok
1 verbose cli [ 'C:\\Program Files\\nodejs\\\\node.exe',
1 verbose cli   'C:\\Program Files\\nodejs\\node_modules\\npm\\bin\\npm-cli.js',
1 verbose cli   'install',
1 verbose cli   '-g',
1 verbose cli   'pogo' ]
2 info using npm@1.1.69
3 info using node@v0.8.16
4 verbose node symlink C:\Program Files\nodejs\\node.exe
5 verbose read json C:\Users\Geoff Matheson\AppData\Roaming\npm\package.json
6 verbose read json C:\Users\Geoff Matheson\AppData\Roaming\npm\package.json
7 verbose cache add [ 'pogo', null ]
8 silly cache add name=undefined spec="pogo" args=["pogo",null]
9 verbose parsed url { pathname: 'pogo', path: 'pogo', href: 'pogo' }
10 silly lockFile 9e70c6c8-pogo pogo
11 verbose lock pogo C:\Users\Geoff Matheson\AppData\Roaming\npm-cache\9e70c6c8-pogo.lock
12 silly lockFile 9e70c6c8-pogo pogo
13 verbose addNamed [ 'pogo', '' ]
14 verbose addNamed [ null, '' ]
15 silly lockFile 3fc1dc46-pogo pogo@
16 verbose lock pogo@ C:\Users\Geoff Matheson\AppData\Roaming\npm-cache\3fc1dc46-pogo.lock
17 silly addNameRange { name: 'pogo', range: '', hasData: false }
18 verbose url raw pogo
19 verbose url resolving [ 'https://registry.npmjs.org/', './pogo' ]
20 verbose url resolved https://registry.npmjs.org/pogo
21 info trying registry request attempt 1 at 18:03:07
22 verbose etag "DM41VI5MM4RDDQAOIOCB7XO6X"
23 http GET https://registry.npmjs.org/pogo
24 info retry will retry, error on last attempt: Error: getaddrinfo ENOENT
25 info trying registry request attempt 2 at 18:03:29
26 verbose etag "DM41VI5MM4RDDQAOIOCB7XO6X"
27 http GET https://registry.npmjs.org/pogo
28 http 304 https://registry.npmjs.org/pogo
29 silly registry.get cb [ 304,
29 silly registry.get   { date: 'Sat, 05 Jul 2014 22:03:30 GMT',
29 silly registry.get     server: 'Apache',
29 silly registry.get     via: '1.1 varnish',
29 silly registry.get     'last-modified': 'Sat, 05 Jul 2014 22:03:31 GMT',
29 silly registry.get     'cache-control': 'max-age=30',
29 silly registry.get     etag: '"DM41VI5MM4RDDQAOIOCB7XO6X"',
29 silly registry.get     'x-served-by': 'cache-jfk1025-JFK',
29 silly registry.get     'x-cache': 'MISS',
29 silly registry.get     'x-cache-hits': '0',
29 silly registry.get     'x-timer': 'S1404597810.965580,VS0,VE38',
29 silly registry.get     vary: 'Accept',
29 silly registry.get     'content-length': '0',
29 silly registry.get     'keep-alive': 'timeout=10, max=50',
29 silly registry.get     connection: 'Keep-Alive' } ]
30 verbose etag pogo from cache
31 silly addNameRange number 2 { name: 'pogo', range: '', hasData: true }
32 silly addNameRange versions [ 'pogo',
32 silly addNameRange   [ '0.0.1',
32 silly addNameRange     '0.0.2',
32 silly addNameRange     '0.0.3',
32 silly addNameRange     '0.0.4',
32 silly addNameRange     '0.0.5',
32 silly addNameRange     '0.0.6',
32 silly addNameRange     '0.0.7',
32 silly addNameRange     '0.0.8',
32 silly addNameRange     '0.0.9',
32 silly addNameRange     '0.1.0',
32 silly addNameRange     '0.1.1',
32 silly addNameRange     '0.2.0',
32 silly addNameRange     '0.2.1',
32 silly addNameRange     '0.3.0',
32 silly addNameRange     '0.3.1',
32 silly addNameRange     '0.3.2',
32 silly addNameRange     '0.4.0',
32 silly addNameRange     '0.4.1',
32 silly addNameRange     '0.4.2',
32 silly addNameRange     '0.4.3',
32 silly addNameRange     '0.4.4',
32 silly addNameRange     '0.4.5',
32 silly addNameRange     '0.5.0',
32 silly addNameRange     '0.5.1',
32 silly addNameRange     '0.6.0',
32 silly addNameRange     '0.6.1',
32 silly addNameRange     '0.6.2',
32 silly addNameRange     '0.6.3',
32 silly addNameRange     '0.6.4',
32 silly addNameRange     '0.6.5',
32 silly addNameRange     '0.6.6',
32 silly addNameRange     '0.6.7',
32 silly addNameRange     '0.6.8',
32 silly addNameRange     '0.6.9',
32 silly addNameRange     '0.6.10',
32 silly addNameRange     '0.6.11',
32 silly addNameRange     '0.7.0',
32 silly addNameRange     '0.7.1',
32 silly addNameRange     '0.8.0-beta1',
32 silly addNameRange     '0.8.0-beta2',
32 silly addNameRange     '0.8.0-beta3',
32 silly addNameRange     '0.8.0-beta4',
32 silly addNameRange     '0.8.0-beta5',
32 silly addNameRange     '0.8.0-beta6',
32 silly addNameRange     '0.8.0-beta7',
32 silly addNameRange     '0.8.0',
32 silly addNameRange     '0.8.1',
32 silly addNameRange     '0.8.2' ] ]
33 verbose addNamed [ 'pogo', '0.8.2' ]
34 verbose addNamed [ '0.8.2', '0.8.2' ]
35 silly lockFile 15471f41-pogo-0-8-2 pogo@0.8.2
36 verbose lock pogo@0.8.2 C:\Users\Geoff Matheson\AppData\Roaming\npm-cache\15471f41-pogo-0-8-2.lock
37 verbose read json C:\Users\Geoff Matheson\AppData\Roaming\npm-cache\pogo\0.8.2\package\package.json
38 silly lockFile 15471f41-pogo-0-8-2 pogo@0.8.2
39 silly lockFile 3fc1dc46-pogo pogo@
40 silly resolved [ { name: 'pogo',
40 silly resolved     version: '0.8.2',
40 silly resolved     description: 'A readable, DSL friendly programming language that compiles to JavaScript',
40 silly resolved     author: { name: 'Tim Macfarlane', email: 'timmacfarlane@gmail.com' },
40 silly resolved     repository:
40 silly resolved      { type: 'git',
40 silly resolved        url: 'https://github.com/featurist/pogoscript.git' },
40 silly resolved     files: [ 'index.js', 'lib', 'bin' ],
40 silly resolved     scripts: { test: 'mocha --invert --grep @wip test/*Spec.* test/*/*Spec.*' },
40 silly resolved     bin: { pogo: 'bin/pogo' },
40 silly resolved     main: 'index.js',
40 silly resolved     devDependencies:
40 silly resolved      { bluebird: '^2.1.1',
40 silly resolved        browserify: '',
40 silly resolved        chai: '^1.9.1',
40 silly resolved        glob: '',
40 silly resolved        install: '~0.1.7',
40 silly resolved        jison: '',
40 silly resolved        mocha: '^1.18.2',
40 silly resolved        pogoify: '0.0.3' },
40 silly resolved     bugs: { url: 'https://github.com/featurist/pogoscript/issues' },
40 silly resolved     dependencies:
40 silly resolved      { 'source-map': '~0.1.31',
40 silly resolved        'uglify-js': '^2.4.13',
40 silly resolved        underscore: '1.4.4' },
40 silly resolved     peerDependencies: { bluebird: '~2.1.1' },
40 silly resolved     keywords: [ 'language', 'pogo' ],
40 silly resolved     license: 'BSD-2-Clause',
40 silly resolved     browser: 'lib/parser/compiler.js',
40 silly resolved     readme: '# Whaa?\n\nPogoscript is a programming language that emphasises readability, is friendly to domain specific languages and compiles to regular Javascript.\n\n[![travis-ci](https://secure.travis-ci.org/featurist/pogoscript.png?branch=master)](https://travis-ci.org/featurist/pogoscript)\n\n[![NPM version](https://badge.fury.io/js/pogo.png)](http://badge.fury.io/js/pogo)\n\n[![NPM dependencies](https://david-dm.org/featurist/pogoscript.png)](https://david-dm.org/featurist/pogoscript)\n\n# Installation\n\nPogoscript requires [node.js](http://nodejs.org/) and [npm](http://npmjs.org/).\n\n    npm install -g pogo\n\nOr to install local to your project:\n\n    npm install pogo\n\n# Usage\n\n## Interactive Prompt\n\n    pogo\n\n## Executing a Script\n\n    pogo helloWorld.pogo\n\n## Debugging a Script\n\nAll the regular `node` [debugging invocations](http://nodejs.org/api/debugger.html) work:\n\nTo invoke the node debugger:\n\n\tpogo debug helloWorld.pogo\n\nTo allow remote debugging, e.g. with [node-inspector](https://github.com/dannycoates/node-inspector):\n\n\tpogo --debug helloWorld.pogo\n\nIf you want to break on the first line:\n\n\tpogo --debug-brk helloWorld.pogo\n\nYou can also put breakpoints in your source code, just put `debugger` on its own line:\n\n\tsomeFunction ()\n\tdebugger\n\tsomeOtherFunction ()\n\n## Compiling a Script\n\n    pogo -c helloWorld.pogo\n\nWill produce `helloWorld.js`.\n\n## Watching and Compiling\n\n    pogo -cw helloWorld.pogo\n\n# Examples!\n\nThe canonical [Node.js](http://nodejs.org/) hello world:\n\n    http = require \'http\'\n\n    http.createServer @(req, res)\n        res.writeHead 200 (\'Content-Type\': \'text/plain\')\n        res.end "Hello World\\n"\n    .listen 1337 "127.0.0.1"\n\n    console.log \'Server running at http://127.0.0.1:1337/\'\n\nThe canonical [99 beers on the wall](http://99-bottles-of-beer.net/):\n\n    sing (n) bottlesOfBeerOnTheWall =\n        if (n > 0)\n            console.log ((n) bottlesOfBeerOnTheWall)\n            sing (n - 1) bottlesOfBeerOnTheWall\n\n    (n) bottlesOfBeerOnTheWall =\n        "#((n) bottles) of beer on the wall, #((n) bottles) of beer.\\n" +\n        "Take one down, pass it around, #((n - 1) bottles) of beer on the wall."\n\n    (n) bottles =\n        if (n == 0)\n            "no bottles"\n        else if (n == 1)\n            "1 bottle"\n        else\n            "#(n) bottles"\n\n    sing 99 bottlesOfBeerOnTheWall\n\n# The Big Features\n\n## Arguments and Parameters\n\nArguments and parameters can be placed anywhere in the name of a function or method call. The careful placement of an argument or a parameter can give it a lot of meaning.\n\n    mountains = [\'Everest\', \'La Tournette\', \'Valuga\']\n\n    for each @(mountain) in (mountains)\n        console.log (mountain)\n\n## Blocks\n\nBlocks are just indented code:\n\n    after (duration, doSomething) =\n        setTimeout (doSomething, duration)\n    \n    (n) seconds =\n        n * 1000\n    \n    after (10 seconds)\n        console.log "hi there!"\n\n## Self\n\nThe `self` variable, also known as `this` in JavaScript, is retained from a block\'s outer context:\n\n    jack = {\n        name = "Jack"\n        \n        sayHello () =\n            console.log "hi, my name is #(self.name)"\n            \n            after (10 seconds)\n                console.log "hi! this is #(self.name) again."\n    }\n    \n    jack.sayHello ()\n\nBut if you want and expect `self` to be redefined to something useful, put `=>` before the block like so:\n\n    onEachHttpRequest (action, port: 3000) =\n        server = http.createServer @(request, response)\n            requestContext = {\n                request = request\n                response = response\n            }\n            \n            action.call (requestContext)\n            \n        server.listen (port)\n    \n    onEachHttpRequest =>\n        self.response.end "Hello World\\n"\n\n## Optional Arguments\n\nMethods and functions can take optional arguments, in the form of a hash passed as the last argument.\n\n    webServer (port: 4567) =\n        console.log "starting web server on port #(port)"\n    \n    webServer ()\n    \n    webServer (port: 3000)\n\n## No Built-in Keywords\n\nThere are no keywords in PogoScript. All control structures use the same syntax rules as regular functions and methods, so it\'s very easy to write your own control structures:\n\n    unless (condition, block) =\n        if (!condition)\n            block ()\n    \n    unless (windSpeed > 25)\n        console.log "going surfing"\n\nWhat about a multi-line control structure?\n\n    renderEachIn (list, render) ifNone (none) =\n        if (list.length > 0)\n            content = \'\'\n\n            for each @(item) in (items)\n                content := content + render (item)\n\n            content\n        else\n            none ()\n\n    mountains = [\'Everest\', \'La Tournette\', \'Valuga\']\n\n    renderEach @(mountain) in (mountains)\n        "<li>#(mountain)</li>"\n    ifNone\n        "<li>no mountains...</li>"\n\n\n# More\n\n[joshski](http://github.com/joshski) has put together a page showing [how PogoScript translates into JavaScript](http://featurist.github.com/pogo-examples). You can examine the [cheatsheet](http://pogoscript.org/cheatsheet.html), or head to the [home page](http://pogoscript.org/) page.\n',
40 silly resolved     readmeFilename: 'README.md',
40 silly resolved     _id: 'pogo@0.8.2',
40 silly resolved     _from: 'pogo' } ]
41 info install pogo@0.8.2 into C:\Users\Geoff Matheson\AppData\Roaming\npm
42 info installOne pogo@0.8.2
43 verbose from cache C:\Users\Geoff Matheson\AppData\Roaming\npm-cache\pogo\0.8.2\package\package.json
44 info C:\Users\Geoff Matheson\AppData\Roaming\npm\node_modules\pogo unbuild
45 verbose read json C:\Users\Geoff Matheson\AppData\Roaming\npm\node_modules\pogo\package.json
46 verbose tar unpack C:\Users\Geoff Matheson\AppData\Roaming\npm-cache\pogo\0.8.2\package.tgz
47 silly lockFile fb66c141-ta-Roaming-npm-node-modules-pogo C:\Users\Geoff Matheson\AppData\Roaming\npm\node_modules\pogo
48 verbose lock C:\Users\Geoff Matheson\AppData\Roaming\npm\node_modules\pogo C:\Users\Geoff Matheson\AppData\Roaming\npm-cache\fb66c141-ta-Roaming-npm-node-modules-pogo.lock
49 silly gunzTarPerm modes [ '755', '644' ]
50 silly gunzTarPerm extractEntry package.json
51 silly gunzTarPerm modified mode [ 'package.json', 438, 420 ]
52 silly gunzTarPerm extractEntry README.md
53 silly gunzTarPerm modified mode [ 'README.md', 438, 420 ]
54 silly gunzTarPerm extractEntry index.js
55 silly gunzTarPerm modified mode [ 'index.js', 438, 420 ]
56 silly gunzTarPerm extractEntry bin/pogo
57 silly gunzTarPerm modified mode [ 'bin/pogo', 438, 420 ]
58 silly gunzTarPerm extractEntry lib/asyncControl.js
59 silly gunzTarPerm modified mode [ 'lib/asyncControl.js', 438, 420 ]
60 silly gunzTarPerm extractEntry lib/debugPogo.js
61 silly gunzTarPerm modified mode [ 'lib/debugPogo.js', 438, 420 ]
62 silly gunzTarPerm extractEntry lib/macroDirectory.js
63 silly gunzTarPerm modified mode [ 'lib/macroDirectory.js', 438, 420 ]
64 silly gunzTarPerm extractEntry lib/memorystream.js
65 silly gunzTarPerm modified mode [ 'lib/memorystream.js', 438, 420 ]
66 silly gunzTarPerm extractEntry lib/codeGenerator.js
67 silly gunzTarPerm modified mode [ 'lib/codeGenerator.js', 438, 420 ]
68 silly gunzTarPerm extractEntry lib/class.js
69 silly gunzTarPerm modified mode [ 'lib/class.js', 438, 420 ]
70 silly gunzTarPerm extractEntry lib/optionParser.js
71 silly gunzTarPerm modified mode [ 'lib/optionParser.js', 438, 420 ]
72 silly gunzTarPerm extractEntry lib/resolve.js
73 silly gunzTarPerm modified mode [ 'lib/resolve.js', 438, 420 ]
74 silly gunzTarPerm extractEntry lib/symbolScope.js
75 silly gunzTarPerm modified mode [ 'lib/symbolScope.js', 438, 420 ]
76 silly gunzTarPerm extractEntry lib/versions.js
77 silly gunzTarPerm modified mode [ 'lib/versions.js', 438, 420 ]
78 silly gunzTarPerm extractEntry lib/moduleConstants.js
79 silly gunzTarPerm modified mode [ 'lib/moduleConstants.js', 438, 420 ]
80 silly gunzTarPerm extractEntry lib/versions.pogo
81 silly gunzTarPerm modified mode [ 'lib/versions.pogo', 438, 420 ]
82 silly gunzTarPerm extractEntry lib/macroDirectory.pogo
83 silly gunzTarPerm modified mode [ 'lib/macroDirectory.pogo', 438, 420 ]
84 silly gunzTarPerm extractEntry lib/optionParser.pogo
85 silly gunzTarPerm modified mode [ 'lib/optionParser.pogo', 438, 420 ]
86 silly gunzTarPerm extractEntry lib/parser/basicExpression.js
87 silly gunzTarPerm modified mode [ 'lib/parser/basicExpression.js', 438, 420 ]
88 silly gunzTarPerm extractEntry lib/parser/compiler.js
89 silly gunzTarPerm modified mode [ 'lib/parser/compiler.js', 438, 420 ]
90 silly gunzTarPerm extractEntry lib/parser/parserContext.js
91 silly gunzTarPerm modified mode [ 'lib/parser/parserContext.js', 438, 420 ]
92 silly gunzTarPerm extractEntry lib/parser/complexExpression.js
93 silly gunzTarPerm modified mode [ 'lib/parser/complexExpression.js', 438, 420 ]
94 silly gunzTarPerm extractEntry lib/parser/dynamicLexer.js
95 silly gunzTarPerm modified mode [ 'lib/parser/dynamicLexer.js', 438, 420 ]
96 silly gunzTarPerm extractEntry lib/parser/runtime.js
97 silly gunzTarPerm modified mode [ 'lib/parser/runtime.js', 438, 420 ]
98 silly gunzTarPerm extractEntry lib/parser/errors.js
99 silly gunzTarPerm modified mode [ 'lib/parser/errors.js', 438, 420 ]
100 silly gunzTarPerm extractEntry lib/parser/operatorExpression.js
101 silly gunzTarPerm modified mode [ 'lib/parser/operatorExpression.js', 438, 420 ]
102 silly gunzTarPerm extractEntry lib/parser/grammar.js
103 silly gunzTarPerm modified mode [ 'lib/parser/grammar.js', 438, 420 ]
104 silly gunzTarPerm extractEntry lib/parser/macros.js
105 silly gunzTarPerm modified mode [ 'lib/parser/macros.js', 438, 420 ]
106 silly gunzTarPerm extractEntry lib/parser/indentStack.js
107 silly gunzTarPerm modified mode [ 'lib/parser/indentStack.js', 438, 420 ]
108 silly gunzTarPerm extractEntry lib/parser/commandLine.js
109 silly gunzTarPerm modified mode [ 'lib/parser/commandLine.js', 438, 420 ]
110 silly gunzTarPerm extractEntry lib/parser/listMacros.js
111 silly gunzTarPerm modified mode [ 'lib/parser/listMacros.js', 438, 420 ]
112 silly gunzTarPerm extractEntry lib/parser/codeGenerator.js
113 silly gunzTarPerm modified mode [ 'lib/parser/codeGenerator.js', 438, 420 ]
114 silly gunzTarPerm extractEntry lib/parser/browser.js
115 silly gunzTarPerm modified mode [ 'lib/parser/browser.js', 438, 420 ]
116 silly gunzTarPerm extractEntry lib/parser/unaryOperatorExpression.js
117 silly gunzTarPerm modified mode [ 'lib/parser/unaryOperatorExpression.js', 438, 420 ]
118 silly gunzTarPerm extractEntry lib/parser/jisonParser.js
119 silly gunzTarPerm modified mode [ 'lib/parser/jisonParser.js', 438, 420 ]
120 silly gunzTarPerm extractEntry lib/parser/parser.js
121 silly gunzTarPerm modified mode [ 'lib/parser/parser.js', 438, 420 ]
122 silly gunzTarPerm extractEntry lib/parser/interpolation.js
123 silly gunzTarPerm modified mode [ 'lib/parser/interpolation.js', 438, 420 ]
124 silly gunzTarPerm extractEntry lib/parser/dynamicLexer.pogo
125 silly gunzTarPerm modified mode [ 'lib/parser/dynamicLexer.pogo', 438, 420 ]
126 silly gunzTarPerm extractEntry lib/parser/interpolation.pogo
127 silly gunzTarPerm modified mode [ 'lib/parser/interpolation.pogo', 438, 420 ]
128 silly gunzTarPerm extractEntry lib/parser/indentStack.pogo
129 silly gunzTarPerm modified mode [ 'lib/parser/indentStack.pogo', 438, 420 ]
130 silly gunzTarPerm extractEntry lib/parser/listMacros.pogo
131 silly gunzTarPerm modified mode [ 'lib/parser/listMacros.pogo', 438, 420 ]
132 silly gunzTarPerm extractEntry lib/parser/grammar.pogo
133 silly gunzTarPerm modified mode [ 'lib/parser/grammar.pogo', 438, 420 ]
134 silly gunzTarPerm extractEntry lib/parser/Makefile
135 silly gunzTarPerm modified mode [ 'lib/parser/Makefile', 438, 420 ]
136 silly gunzTarPerm extractEntry lib/parser/genparser
137 silly gunzTarPerm modified mode [ 'lib/parser/genparser', 438, 420 ]
138 silly gunzTarPerm extractEntry lib/parser/operatorExpression.pogo
139 silly gunzTarPerm modified mode [ 'lib/parser/operatorExpression.pogo', 438, 420 ]
140 silly gunzTarPerm extractEntry lib/parser/jisonParser.patch
141 silly gunzTarPerm modified mode [ 'lib/parser/jisonParser.patch', 438, 420 ]
142 silly gunzTarPerm extractEntry lib/parser/parser.pogo
143 silly gunzTarPerm modified mode [ 'lib/parser/parser.pogo', 438, 420 ]
144 silly gunzTarPerm extractEntry lib/parser/compiler.pogo
145 silly gunzTarPerm modified mode [ 'lib/parser/compiler.pogo', 438, 420 ]
146 silly gunzTarPerm extractEntry lib/parser/parserContext.pogo
147 silly gunzTarPerm modified mode [ 'lib/parser/parserContext.pogo', 438, 420 ]
148 silly gunzTarPerm extractEntry lib/parser/commandLine.pogo
149 silly gunzTarPerm modified mode [ 'lib/parser/commandLine.pogo', 438, 420 ]
150 silly gunzTarPerm extractEntry lib/parser/runtime.pogo
151 silly gunzTarPerm modified mode [ 'lib/parser/runtime.pogo', 438, 420 ]
152 silly gunzTarPerm extractEntry lib/parser/browser.pogo
153 silly gunzTarPerm modified mode [ 'lib/parser/browser.pogo', 438, 420 ]
154 silly gunzTarPerm extractEntry lib/parser/unaryOperatorExpression.pogo
155 silly gunzTarPerm modified mode [ 'lib/parser/unaryOperatorExpression.pogo', 438, 420 ]
156 silly gunzTarPerm extractEntry lib/Makefile
157 silly gunzTarPerm modified mode [ 'lib/Makefile', 438, 420 ]
158 silly gunzTarPerm extractEntry lib/resolve.pogo
159 silly gunzTarPerm modified mode [ 'lib/resolve.pogo', 438, 420 ]
160 silly gunzTarPerm extractEntry lib/class.pogo
161 silly gunzTarPerm modified mode [ 'lib/class.pogo', 438, 420 ]
162 silly gunzTarPerm extractEntry lib/symbolScope.pogo
163 silly gunzTarPerm modified mode [ 'lib/symbolScope.pogo', 438, 420 ]
164 silly gunzTarPerm extractEntry lib/terms/argumentList.js
165 silly gunzTarPerm modified mode [ 'lib/terms/argumentList.js', 438, 420 ]
166 silly gunzTarPerm extractEntry lib/terms/indexer.js
167 silly gunzTarPerm modified mode [ 'lib/terms/indexer.js', 438, 420 ]
168 silly gunzTarPerm extractEntry lib/terms/integer.js
169 silly gunzTarPerm modified mode [ 'lib/terms/integer.js', 438, 420 ]
170 silly gunzTarPerm extractEntry lib/terms/interpolatedString.js
171 silly gunzTarPerm modified mode [ 'lib/terms/interpolatedString.js', 438, 420 ]
172 silly gunzTarPerm extractEntry lib/terms/increment.js
173 silly gunzTarPerm modified mode [ 'lib/terms/increment.js', 438, 420 ]
174 silly gunzTarPerm extractEntry lib/terms/list.js
175 silly gunzTarPerm modified mode [ 'lib/terms/list.js', 438, 420 ]
176 silly gunzTarPerm extractEntry lib/terms/listComprehension.js
177 silly gunzTarPerm modified mode [ 'lib/terms/listComprehension.js', 438, 420 ]
178 silly gunzTarPerm extractEntry lib/terms/methodCall.js
179 silly gunzTarPerm modified mode [ 'lib/terms/methodCall.js', 438, 420 ]
180 silly gunzTarPerm extractEntry lib/terms/module.js
181 silly gunzTarPerm modified mode [ 'lib/terms/module.js', 438, 420 ]
182 silly gunzTarPerm extractEntry lib/terms/newOperator.js
183 silly gunzTarPerm modified mode [ 'lib/terms/newOperator.js', 438, 420 ]
184 silly gunzTarPerm extractEntry lib/terms/ifExpression.js
185 silly gunzTarPerm modified mode [ 'lib/terms/ifExpression.js', 438, 420 ]
186 silly gunzTarPerm extractEntry lib/terms/newPromise.js
187 silly gunzTarPerm modified mode [ 'lib/terms/newPromise.js', 438, 420 ]
188 silly gunzTarPerm extractEntry lib/terms/identifier.js
189 silly gunzTarPerm modified mode [ 'lib/terms/identifier.js', 438, 420 ]
190 silly gunzTarPerm extractEntry lib/terms/nil.js
191 silly gunzTarPerm modified mode [ 'lib/terms/nil.js', 438, 420 ]
192 silly gunzTarPerm extractEntry lib/terms/hashEntry.js
193 silly gunzTarPerm modified mode [ 'lib/terms/hashEntry.js', 438, 420 ]
194 silly gunzTarPerm extractEntry lib/terms/normalParameters.js
195 silly gunzTarPerm modified mode [ 'lib/terms/normalParameters.js', 438, 420 ]
196 silly gunzTarPerm extractEntry lib/terms/hash.js
197 silly gunzTarPerm modified mode [ 'lib/terms/hash.js', 438, 420 ]
198 silly gunzTarPerm extractEntry lib/terms/operator.js
199 silly gunzTarPerm modified mode [ 'lib/terms/operator.js', 438, 420 ]
200 silly gunzTarPerm extractEntry lib/terms/generator.js
201 silly gunzTarPerm modified mode [ 'lib/terms/generator.js', 438, 420 ]
202 silly gunzTarPerm extractEntry lib/terms/parameters.js
203 silly gunzTarPerm modified mode [ 'lib/terms/parameters.js', 438, 420 ]
204 silly gunzTarPerm extractEntry lib/terms/generatedVariable.js
205 silly gunzTarPerm modified mode [ 'lib/terms/generatedVariable.js', 438, 420 ]
206 silly gunzTarPerm extractEntry lib/terms/promise.js
207 silly gunzTarPerm modified mode [ 'lib/terms/promise.js', 438, 420 ]
208 silly gunzTarPerm extractEntry lib/terms/futureArgument.js
209 silly gunzTarPerm modified mode [ 'lib/terms/futureArgument.js', 438, 420 ]
210 silly gunzTarPerm extractEntry lib/terms/promisify.js
211 silly gunzTarPerm modified mode [ 'lib/terms/promisify.js', 438, 420 ]
212 silly gunzTarPerm extractEntry lib/terms/functionCall.js
213 silly gunzTarPerm modified mode [ 'lib/terms/functionCall.js', 438, 420 ]
214 silly gunzTarPerm extractEntry lib/terms/range.js
215 silly gunzTarPerm modified mode [ 'lib/terms/range.js', 438, 420 ]
216 silly gunzTarPerm extractEntry lib/terms/forIn.js
217 silly gunzTarPerm modified mode [ 'lib/terms/forIn.js', 438, 420 ]
218 silly gunzTarPerm extractEntry lib/terms/regExp.js
219 silly gunzTarPerm modified mode [ 'lib/terms/regExp.js', 438, 420 ]
220 silly gunzTarPerm extractEntry lib/terms/forExpression.js
221 silly gunzTarPerm modified mode [ 'lib/terms/forExpression.js', 438, 420 ]
222 silly gunzTarPerm extractEntry lib/terms/returnStatement.js
223 silly gunzTarPerm modified mode [ 'lib/terms/returnStatement.js', 438, 420 ]
224 silly gunzTarPerm extractEntry lib/terms/forEach.js
225 silly gunzTarPerm modified mode [ 'lib/terms/forEach.js', 438, 420 ]
226 silly gunzTarPerm extractEntry lib/terms/scope.js
227 silly gunzTarPerm modified mode [ 'lib/terms/scope.js', 438, 420 ]
228 silly gunzTarPerm extractEntry lib/terms/float.js
229 silly gunzTarPerm modified mode [ 'lib/terms/float.js', 438, 420 ]
230 silly gunzTarPerm extractEntry lib/terms/selfExpression.js
231 silly gunzTarPerm modified mode [ 'lib/terms/selfExpression.js', 438, 420 ]
232 silly gunzTarPerm extractEntry lib/terms/fieldReference.js
233 silly gunzTarPerm modified mode [ 'lib/terms/fieldReference.js', 438, 420 ]
234 silly gunzTarPerm extractEntry lib/terms/semanticError.js
235 silly gunzTarPerm modified mode [ 'lib/terms/semanticError.js', 438, 420 ]
236 silly gunzTarPerm extractEntry lib/terms/definition.js
237 silly gunzTarPerm modified mode [ 'lib/terms/definition.js', 438, 420 ]
238 silly gunzTarPerm extractEntry lib/terms/splat.js
239 silly gunzTarPerm modified mode [ 'lib/terms/splat.js', 438, 420 ]
240 silly gunzTarPerm extractEntry lib/terms/createPromise.js
241 silly gunzTarPerm modified mode [ 'lib/terms/createPromise.js', 438, 420 ]
242 silly gunzTarPerm extractEntry lib/terms/splatArguments.js
243 silly gunzTarPerm modified mode [ 'lib/terms/splatArguments.js', 438, 420 ]
244 silly gunzTarPerm extractEntry lib/terms/continueStatement.js
245 silly gunzTarPerm modified mode [ 'lib/terms/continueStatement.js', 438, 420 ]
246 silly gunzTarPerm extractEntry lib/terms/splatParameters.js
247 silly gunzTarPerm modified mode [ 'lib/terms/splatParameters.js', 438, 420 ]
248 silly gunzTarPerm extractEntry lib/terms/continuationOrDefault.js
249 silly gunzTarPerm modified mode [ 'lib/terms/continuationOrDefault.js', 438, 420 ]
250 silly gunzTarPerm extractEntry lib/terms/statements.js
251 silly gunzTarPerm modified mode [ 'lib/terms/statements.js', 438, 420 ]
252 silly gunzTarPerm extractEntry lib/terms/codegenUtils.js
253 silly gunzTarPerm modified mode [ 'lib/terms/codegenUtils.js', 438, 420 ]
254 silly gunzTarPerm extractEntry lib/terms/statementsUtils.js
255 silly gunzTarPerm modified mode [ 'lib/terms/statementsUtils.js', 438, 420 ]
256 silly gunzTarPerm extractEntry lib/terms/closureParameterStrategies.js
257 silly gunzTarPerm modified mode [ 'lib/terms/closureParameterStrategies.js', 438, 420 ]
258 silly gunzTarPerm extractEntry lib/terms/string.js
259 silly gunzTarPerm modified mode [ 'lib/terms/string.js', 438, 420 ]
260 silly gunzTarPerm extractEntry lib/terms/closure.js
261 silly gunzTarPerm modified mode [ 'lib/terms/closure.js', 438, 420 ]
262 silly gunzTarPerm extractEntry lib/terms/subExpression.js
263 silly gunzTarPerm modified mode [ 'lib/terms/subExpression.js', 438, 420 ]
264 silly gunzTarPerm extractEntry lib/terms/callback.js
265 silly gunzTarPerm modified mode [ 'lib/terms/callback.js', 438, 420 ]
266 silly gunzTarPerm extractEntry lib/terms/subStatements.js
267 silly gunzTarPerm modified mode [ 'lib/terms/subStatements.js', 438, 420 ]
268 silly gunzTarPerm extractEntry lib/terms/breakStatement.js
269 silly gunzTarPerm modified mode [ 'lib/terms/breakStatement.js', 438, 420 ]
270 silly gunzTarPerm extractEntry lib/terms/terms.js
271 silly gunzTarPerm modified mode [ 'lib/terms/terms.js', 438, 420 ]
272 silly gunzTarPerm extractEntry lib/terms/boolean.js
273 silly gunzTarPerm modified mode [ 'lib/terms/boolean.js', 438, 420 ]
274 silly gunzTarPerm extractEntry lib/terms/throwStatement.js
275 silly gunzTarPerm modified mode [ 'lib/terms/throwStatement.js', 438, 420 ]
276 silly gunzTarPerm extractEntry lib/terms/asyncStatements.js
277 silly gunzTarPerm modified mode [ 'lib/terms/asyncStatements.js', 438, 420 ]
278 silly gunzTarPerm extractEntry lib/terms/tryExpression.js
279 silly gunzTarPerm modified mode [ 'lib/terms/tryExpression.js', 438, 420 ]
280 silly gunzTarPerm extractEntry lib/terms/asyncResult.js
281 silly gunzTarPerm modified mode [ 'lib/terms/asyncResult.js', 438, 420 ]
282 silly gunzTarPerm extractEntry lib/terms/typeof.js
283 silly gunzTarPerm modified mode [ 'lib/terms/typeof.js', 438, 420 ]
284 silly gunzTarPerm extractEntry lib/terms/asyncCallback.js
285 silly gunzTarPerm modified mode [ 'lib/terms/asyncCallback.js', 438, 420 ]
286 silly gunzTarPerm extractEntry lib/terms/variable.js
287 silly gunzTarPerm modified mode [ 'lib/terms/variable.js', 438, 420 ]
288 silly gunzTarPerm extractEntry lib/terms/asyncArgument.js
289 silly gunzTarPerm modified mode [ 'lib/terms/asyncArgument.js', 438, 420 ]
290 silly gunzTarPerm extractEntry lib/terms/whileExpression.js
291 silly gunzTarPerm modified mode [ 'lib/terms/whileExpression.js', 438, 420 ]
292 silly gunzTarPerm extractEntry lib/terms/argumentUtils.js
293 silly gunzTarPerm modified mode [ 'lib/terms/argumentUtils.js', 438, 420 ]
294 silly gunzTarPerm extractEntry lib/terms/withExpression.js
295 silly gunzTarPerm modified mode [ 'lib/terms/withExpression.js', 438, 420 ]
296 silly gunzTarPerm extractEntry lib/terms/javascript.js
297 silly gunzTarPerm modified mode [ 'lib/terms/javascript.js', 438, 420 ]
298 silly gunzTarPerm extractEntry lib/terms/argumentList.pogo
299 silly gunzTarPerm modified mode [ 'lib/terms/argumentList.pogo', 438, 420 ]
300 silly gunzTarPerm extractEntry lib/terms/callback.pogo
301 silly gunzTarPerm modified mode [ 'lib/terms/callback.pogo', 438, 420 ]
302 silly gunzTarPerm extractEntry lib/terms/list.pogo
303 silly gunzTarPerm modified mode [ 'lib/terms/list.pogo', 438, 420 ]
304 silly gunzTarPerm extractEntry lib/terms/float.pogo
305 silly gunzTarPerm modified mode [ 'lib/terms/float.pogo', 438, 420 ]
306 silly gunzTarPerm extractEntry lib/terms/listComprehension.pogo
307 silly gunzTarPerm modified mode [ 'lib/terms/listComprehension.pogo', 438, 420 ]
308 silly gunzTarPerm extractEntry lib/terms/asyncResult.pogo
309 silly gunzTarPerm modified mode [ 'lib/terms/asyncResult.pogo', 438, 420 ]
310 silly gunzTarPerm extractEntry lib/terms/methodCall.pogo
311 silly gunzTarPerm modified mode [ 'lib/terms/methodCall.pogo', 438, 420 ]
312 silly gunzTarPerm extractEntry lib/terms/forEach.pogo
313 silly gunzTarPerm modified mode [ 'lib/terms/forEach.pogo', 438, 420 ]
314 silly gunzTarPerm extractEntry lib/terms/module.pogo
315 silly gunzTarPerm modified mode [ 'lib/terms/module.pogo', 438, 420 ]
316 silly gunzTarPerm extractEntry lib/terms/closure.pogo
317 silly gunzTarPerm modified mode [ 'lib/terms/closure.pogo', 438, 420 ]
318 silly gunzTarPerm extractEntry lib/terms/newOperator.pogo
319 silly gunzTarPerm modified mode [ 'lib/terms/newOperator.pogo', 438, 420 ]
320 silly gunzTarPerm extractEntry lib/terms/forExpression.pogo
321 silly gunzTarPerm modified mode [ 'lib/terms/forExpression.pogo', 438, 420 ]
322 silly gunzTarPerm extractEntry lib/terms/newPromise.pogo
323 silly gunzTarPerm modified mode [ 'lib/terms/newPromise.pogo', 438, 420 ]
324 silly gunzTarPerm extractEntry lib/terms/asyncArgument.pogo
325 silly gunzTarPerm modified mode [ 'lib/terms/asyncArgument.pogo', 438, 420 ]
326 silly gunzTarPerm extractEntry lib/terms/nil.pogo
327 silly gunzTarPerm modified mode [ 'lib/terms/nil.pogo', 438, 420 ]
328 silly gunzTarPerm extractEntry lib/terms/forIn.pogo
329 silly gunzTarPerm modified mode [ 'lib/terms/forIn.pogo', 438, 420 ]
330 silly gunzTarPerm extractEntry lib/terms/normalParameters.pogo
331 silly gunzTarPerm modified mode [ 'lib/terms/normalParameters.pogo', 438, 420 ]
332 silly gunzTarPerm extractEntry lib/terms/closureParameterStrategies.pogo
333 silly gunzTarPerm modified mode [ 'lib/terms/closureParameterStrategies.pogo', 438, 420 ]
334 silly gunzTarPerm extractEntry lib/terms/operator.pogo
335 silly gunzTarPerm modified mode [ 'lib/terms/operator.pogo', 438, 420 ]
336 silly gunzTarPerm extractEntry lib/terms/functionCall.pogo
337 silly gunzTarPerm modified mode [ 'lib/terms/functionCall.pogo', 438, 420 ]
338 silly gunzTarPerm extractEntry lib/terms/parameters.pogo
339 silly gunzTarPerm modified mode [ 'lib/terms/parameters.pogo', 438, 420 ]
340 silly gunzTarPerm extractEntry lib/terms/asyncStatements.pogo
341 silly gunzTarPerm modified mode [ 'lib/terms/asyncStatements.pogo', 438, 420 ]
342 silly gunzTarPerm extractEntry lib/terms/promise.pogo
343 silly gunzTarPerm modified mode [ 'lib/terms/promise.pogo', 438, 420 ]
344 silly gunzTarPerm extractEntry lib/terms/futureArgument.pogo
345 silly gunzTarPerm modified mode [ 'lib/terms/futureArgument.pogo', 438, 420 ]
346 silly gunzTarPerm extractEntry lib/terms/promisify.pogo
347 silly gunzTarPerm modified mode [ 'lib/terms/promisify.pogo', 438, 420 ]
348 silly gunzTarPerm extractEntry lib/terms/codegenUtils.pogo
349 silly gunzTarPerm modified mode [ 'lib/terms/codegenUtils.pogo', 438, 420 ]
350 silly gunzTarPerm extractEntry lib/terms/range.pogo
351 silly gunzTarPerm modified mode [ 'lib/terms/range.pogo', 438, 420 ]
352 silly gunzTarPerm extractEntry lib/terms/generatedVariable.pogo
353 silly gunzTarPerm modified mode [ 'lib/terms/generatedVariable.pogo', 438, 420 ]
354 silly gunzTarPerm extractEntry lib/terms/regExp.pogo
355 silly gunzTarPerm modified mode [ 'lib/terms/regExp.pogo', 438, 420 ]
356 silly gunzTarPerm extractEntry lib/terms/argumentUtils.pogo
357 silly gunzTarPerm modified mode [ 'lib/terms/argumentUtils.pogo', 438, 420 ]
358 silly gunzTarPerm extractEntry lib/terms/returnStatement.pogo
359 silly gunzTarPerm modified mode [ 'lib/terms/returnStatement.pogo', 438, 420 ]
360 silly gunzTarPerm extractEntry lib/terms/generator.pogo
361 silly gunzTarPerm modified mode [ 'lib/terms/generator.pogo', 438, 420 ]
362 silly gunzTarPerm extractEntry lib/terms/scope.pogo
363 silly gunzTarPerm modified mode [ 'lib/terms/scope.pogo', 438, 420 ]
364 silly gunzTarPerm extractEntry lib/terms/continuationOrDefault.pogo
365 silly gunzTarPerm modified mode [ 'lib/terms/continuationOrDefault.pogo', 438, 420 ]
366 silly gunzTarPerm extractEntry lib/terms/selfExpression.pogo
367 silly gunzTarPerm modified mode [ 'lib/terms/selfExpression.pogo', 438, 420 ]
368 silly gunzTarPerm extractEntry lib/terms/hash.pogo
369 silly gunzTarPerm modified mode [ 'lib/terms/hash.pogo', 438, 420 ]
370 silly gunzTarPerm extractEntry lib/terms/semanticError.pogo
371 silly gunzTarPerm modified mode [ 'lib/terms/semanticError.pogo', 438, 420 ]
372 silly gunzTarPerm extractEntry lib/terms/boolean.pogo
373 silly gunzTarPerm modified mode [ 'lib/terms/boolean.pogo', 438, 420 ]
374 silly gunzTarPerm extractEntry lib/terms/splat.pogo
375 silly gunzTarPerm modified mode [ 'lib/terms/splat.pogo', 438, 420 ]
376 silly gunzTarPerm extractEntry lib/terms/hashEntry.pogo
377 silly gunzTarPerm modified mode [ 'lib/terms/hashEntry.pogo', 438, 420 ]
378 silly gunzTarPerm extractEntry lib/terms/splatArguments.pogo
379 silly gunzTarPerm modified mode [ 'lib/terms/splatArguments.pogo', 438, 420 ]
380 silly gunzTarPerm extractEntry lib/terms/continueStatement.pogo
381 silly gunzTarPerm modified mode [ 'lib/terms/continueStatement.pogo', 438, 420 ]
382 silly gunzTarPerm extractEntry lib/terms/splatParameters.pogo
383 silly gunzTarPerm modified mode [ 'lib/terms/splatParameters.pogo', 438, 420 ]
384 silly gunzTarPerm extractEntry lib/terms/identifier.pogo
385 silly gunzTarPerm modified mode [ 'lib/terms/identifier.pogo', 438, 420 ]
386 silly gunzTarPerm extractEntry lib/terms/statements.pogo
387 silly gunzTarPerm modified mode [ 'lib/terms/statements.pogo', 438, 420 ]
388 silly gunzTarPerm extractEntry lib/terms/asyncCallback.pogo
389 silly gunzTarPerm modified mode [ 'lib/terms/asyncCallback.pogo', 438, 420 ]
390 silly gunzTarPerm extractEntry lib/terms/statementsUtils.pogo
391 silly gunzTarPerm modified mode [ 'lib/terms/statementsUtils.pogo', 438, 420 ]
392 silly gunzTarPerm extractEntry lib/terms/ifExpression.pogo
393 silly gunzTarPerm modified mode [ 'lib/terms/ifExpression.pogo', 438, 420 ]
394 silly gunzTarPerm extractEntry lib/terms/string.pogo
395 silly gunzTarPerm modified mode [ 'lib/terms/string.pogo', 438, 420 ]
396 silly gunzTarPerm extractEntry lib/terms/createPromise.pogo
397 silly gunzTarPerm modified mode [ 'lib/terms/createPromise.pogo', 438, 420 ]
398 silly gunzTarPerm extractEntry lib/terms/subExpression.pogo
399 silly gunzTarPerm modified mode [ 'lib/terms/subExpression.pogo', 438, 420 ]
400 silly gunzTarPerm extractEntry lib/terms/increment.pogo
401 silly gunzTarPerm modified mode [ 'lib/terms/increment.pogo', 438, 420 ]
402 silly gunzTarPerm extractEntry lib/terms/subStatements.pogo
403 silly gunzTarPerm modified mode [ 'lib/terms/subStatements.pogo', 438, 420 ]
404 silly gunzTarPerm extractEntry lib/terms/breakStatement.pogo
405 silly gunzTarPerm modified mode [ 'lib/terms/breakStatement.pogo', 438, 420 ]
406 silly gunzTarPerm extractEntry lib/terms/terms.pogo
407 silly gunzTarPerm modified mode [ 'lib/terms/terms.pogo', 438, 420 ]
408 silly gunzTarPerm extractEntry lib/terms/indexer.pogo
409 silly gunzTarPerm modified mode [ 'lib/terms/indexer.pogo', 438, 420 ]
410 silly gunzTarPerm extractEntry lib/terms/throwStatement.pogo
411 silly gunzTarPerm modified mode [ 'lib/terms/throwStatement.pogo', 438, 420 ]
412 silly gunzTarPerm extractEntry lib/terms/definition.pogo
413 silly gunzTarPerm modified mode [ 'lib/terms/definition.pogo', 438, 420 ]
414 silly gunzTarPerm extractEntry lib/terms/tryExpression.pogo
415 silly gunzTarPerm modified mode [ 'lib/terms/tryExpression.pogo', 438, 420 ]
416 silly gunzTarPerm extractEntry lib/terms/integer.pogo
417 silly gunzTarPerm modified mode [ 'lib/terms/integer.pogo', 438, 420 ]
418 silly gunzTarPerm extractEntry lib/terms/typeof.pogo
419 silly gunzTarPerm modified mode [ 'lib/terms/typeof.pogo', 438, 420 ]
420 silly gunzTarPerm extractEntry lib/terms/withExpression.pogo
421 silly gunzTarPerm modified mode [ 'lib/terms/withExpression.pogo', 438, 420 ]
422 silly gunzTarPerm extractEntry lib/terms/variable.pogo
423 silly gunzTarPerm modified mode [ 'lib/terms/variable.pogo', 438, 420 ]
424 silly gunzTarPerm extractEntry lib/terms/interpolatedString.pogo
425 silly gunzTarPerm modified mode [ 'lib/terms/interpolatedString.pogo', 438, 420 ]
426 silly gunzTarPerm extractEntry lib/terms/whileExpression.pogo
427 silly gunzTarPerm modified mode [ 'lib/terms/whileExpression.pogo', 438, 420 ]
428 silly gunzTarPerm extractEntry lib/terms/fieldReference.pogo
429 silly gunzTarPerm modified mode [ 'lib/terms/fieldReference.pogo', 438, 420 ]
430 silly gunzTarPerm extractEntry lib/terms/javascript.pogo
431 silly gunzTarPerm modified mode [ 'lib/terms/javascript.pogo', 438, 420 ]
432 silly gunzTarPerm extractEntry lib/debugPogo.pogo
433 silly gunzTarPerm modified mode [ 'lib/debugPogo.pogo', 438, 420 ]
434 silly gunzTarPerm extractEntry lib/moduleConstants.pogo
435 silly gunzTarPerm modified mode [ 'lib/moduleConstants.pogo', 438, 420 ]
436 verbose read json C:\Users\Geoff Matheson\AppData\Roaming\npm\node_modules\pogo\package.json
437 silly lockFile fb66c141-ta-Roaming-npm-node-modules-pogo C:\Users\Geoff Matheson\AppData\Roaming\npm\node_modules\pogo
438 info preinstall pogo@0.8.2
439 verbose from cache C:\Users\Geoff Matheson\AppData\Roaming\npm\node_modules\pogo\package.json
440 verbose readDependencies using package.json deps
441 verbose from cache C:\Users\Geoff Matheson\AppData\Roaming\npm\node_modules\pogo\package.json
442 verbose readDependencies using package.json deps
443 verbose cache add [ 'source-map@~0.1.31', null ]
444 silly cache add name=undefined spec="source-map@~0.1.31" args=["source-map@~0.1.31",null]
445 verbose parsed url { pathname: 'source-map@~0.1.31',
445 verbose parsed url   path: 'source-map@~0.1.31',
445 verbose parsed url   href: 'source-map@~0.1.31' }
446 silly cache add name="source-map" spec="~0.1.31" args=["source-map","~0.1.31"]
447 verbose parsed url { pathname: '~0.1.31', path: '~0.1.31', href: '~0.1.31' }
448 verbose addNamed [ 'source-map', '~0.1.31' ]
449 verbose addNamed [ null, '>=0.1.31- <0.2.0-' ]
450 silly lockFile 91bd5a85-source-map-0-1-31 source-map@~0.1.31
451 verbose lock source-map@~0.1.31 C:\Users\Geoff Matheson\AppData\Roaming\npm-cache\91bd5a85-source-map-0-1-31.lock
452 verbose cache add [ 'uglify-js@^2.4.13', null ]
453 silly cache add name=undefined spec="uglify-js@^2.4.13" args=["uglify-js@^2.4.13",null]
454 verbose parsed url { pathname: 'uglify-js@^2.4.13',
454 verbose parsed url   path: 'uglify-js@^2.4.13',
454 verbose parsed url   href: 'uglify-js@^2.4.13' }
455 silly cache add name="uglify-js" spec="^2.4.13" args=["uglify-js","^2.4.13"]
456 verbose parsed url { pathname: '^2.4.13', path: '^2.4.13', href: '^2.4.13' }
457 verbose addNamed [ 'uglify-js', '^2.4.13' ]
458 verbose addNamed [ null, null ]
459 silly lockFile 241069c8-uglify-js-2-4-13 uglify-js@^2.4.13
460 verbose lock uglify-js@^2.4.13 C:\Users\Geoff Matheson\AppData\Roaming\npm-cache\241069c8-uglify-js-2-4-13.lock
461 verbose cache add [ 'underscore@1.4.4', null ]
462 silly cache add name=undefined spec="underscore@1.4.4" args=["underscore@1.4.4",null]
463 verbose parsed url { pathname: 'underscore@1.4.4',
463 verbose parsed url   path: 'underscore@1.4.4',
463 verbose parsed url   href: 'underscore@1.4.4' }
464 silly cache add name="underscore" spec="1.4.4" args=["underscore","1.4.4"]
465 verbose parsed url { pathname: '1.4.4', path: '1.4.4', href: '1.4.4' }
466 verbose addNamed [ 'underscore', '1.4.4' ]
467 verbose addNamed [ '1.4.4', '1.4.4' ]
468 silly lockFile c6b5e825-underscore-1-4-4 underscore@1.4.4
469 verbose lock underscore@1.4.4 C:\Users\Geoff Matheson\AppData\Roaming\npm-cache\c6b5e825-underscore-1-4-4.lock
470 silly addNameRange { name: 'source-map',
470 silly addNameRange   range: '>=0.1.31- <0.2.0-',
470 silly addNameRange   hasData: false }
471 info addNameTag [ 'uglify-js', '^2.4.13' ]
472 verbose url raw underscore/1.4.4
473 verbose url resolving [ 'https://registry.npmjs.org/', './underscore/1.4.4' ]
474 verbose url resolved https://registry.npmjs.org/underscore/1.4.4
475 info trying registry request attempt 1 at 18:03:31
476 verbose etag "44B0FJYHC99APMAENMG051I7Z"
477 http GET https://registry.npmjs.org/underscore/1.4.4
478 verbose url raw uglify-js
479 verbose url resolving [ 'https://registry.npmjs.org/', './uglify-js' ]
480 verbose url resolved https://registry.npmjs.org/uglify-js
481 info trying registry request attempt 1 at 18:03:31
482 verbose etag "470OUNH9ZKURDX8IYTUGNOH36"
483 http GET https://registry.npmjs.org/uglify-js
484 verbose url raw source-map
485 verbose url resolving [ 'https://registry.npmjs.org/', './source-map' ]
486 verbose url resolved https://registry.npmjs.org/source-map
487 info trying registry request attempt 1 at 18:03:31
488 verbose etag "45EEVEG3SQEJIR06VZAB0UZVH"
489 http GET https://registry.npmjs.org/source-map
490 http 304 https://registry.npmjs.org/uglify-js
491 silly registry.get cb [ 304,
491 silly registry.get   { date: 'Sat, 05 Jul 2014 22:03:32 GMT',
491 silly registry.get     server: 'Apache',
491 silly registry.get     via: '1.1 varnish',
491 silly registry.get     'last-modified': 'Sat, 05 Jul 2014 22:03:32 GMT',
491 silly registry.get     'cache-control': 'max-age=30',
491 silly registry.get     etag: '"470OUNH9ZKURDX8IYTUGNOH36"',
491 silly registry.get     'x-served-by': 'cache-jfk1030-JFK',
491 silly registry.get     'x-cache': 'HIT',
491 silly registry.get     'x-cache-hits': '1',
491 silly registry.get     'x-timer': 'S1404597812.645164,VS0,VE0',
491 silly registry.get     vary: 'Accept',
491 silly registry.get     'content-length': '0',
491 silly registry.get     'keep-alive': 'timeout=10, max=50',
491 silly registry.get     connection: 'Keep-Alive' } ]
492 verbose etag uglify-js from cache
493 silly lockFile 241069c8-uglify-js-2-4-13 uglify-js@^2.4.13
494 verbose about to build C:\Users\Geoff Matheson\AppData\Roaming\npm\node_modules\pogo
495 info C:\Users\Geoff Matheson\AppData\Roaming\npm\node_modules\pogo unbuild
496 verbose from cache C:\Users\Geoff Matheson\AppData\Roaming\npm\node_modules\pogo\package.json
497 info preuninstall pogo@0.8.2
498 info uninstall pogo@0.8.2
499 verbose true,C:\Users\Geoff Matheson\AppData\Roaming\npm\node_modules,C:\Users\Geoff Matheson\AppData\Roaming\npm\node_modules unbuild pogo@0.8.2
500 verbose C:\Users\Geoff Matheson\AppData\Roaming\npm,[object Object] binRoot
501 info postuninstall pogo@0.8.2
502 http 304 https://registry.npmjs.org/source-map
503 silly registry.get cb [ 304,
503 silly registry.get   { date: 'Sat, 05 Jul 2014 22:03:32 GMT',
503 silly registry.get     server: 'Apache',
503 silly registry.get     via: '1.1 varnish',
503 silly registry.get     'last-modified': 'Sat, 05 Jul 2014 22:03:32 GMT',
503 silly registry.get     'cache-control': 'max-age=30',
503 silly registry.get     etag: '"45EEVEG3SQEJIR06VZAB0UZVH"',
503 silly registry.get     'x-served-by': 'cache-jfk1034-JFK',
503 silly registry.get     'x-cache': 'HIT',
503 silly registry.get     'x-cache-hits': '1',
503 silly registry.get     'x-timer': 'S1404597812.685577,VS0,VE17',
503 silly registry.get     vary: 'Accept',
503 silly registry.get     'content-length': '0',
503 silly registry.get     'keep-alive': 'timeout=10, max=50',
503 silly registry.get     connection: 'Keep-Alive' } ]
504 verbose etag source-map from cache
505 silly addNameRange number 2 { name: 'source-map', range: '>=0.1.31- <0.2.0-', hasData: true }
506 silly addNameRange versions [ 'source-map',
506 silly addNameRange   [ '0.0.0',
506 silly addNameRange     '0.1.0',
506 silly addNameRange     '0.1.1',
506 silly addNameRange     '0.1.2',
506 silly addNameRange     '0.1.3',
506 silly addNameRange     '0.1.4',
506 silly addNameRange     '0.1.5',
506 silly addNameRange     '0.1.6',
506 silly addNameRange     '0.1.7',
506 silly addNameRange     '0.1.8',
506 silly addNameRange     '0.1.9',
506 silly addNameRange     '0.1.10',
506 silly addNameRange     '0.1.11',
506 silly addNameRange     '0.1.12',
506 silly addNameRange     '0.1.13',
506 silly addNameRange     '0.1.14',
506 silly addNameRange     '0.1.15',
506 silly addNameRange     '0.1.16',
506 silly addNameRange     '0.1.17',
506 silly addNameRange     '0.1.18',
506 silly addNameRange     '0.1.19',
506 silly addNameRange     '0.1.20',
506 silly addNameRange     '0.1.21',
506 silly addNameRange     '0.1.22',
506 silly addNameRange     '0.1.23',
506 silly addNameRange     '0.1.24',
506 silly addNameRange     '0.1.25',
506 silly addNameRange     '0.1.26',
506 silly addNameRange     '0.1.27',
506 silly addNameRange     '0.1.28',
506 silly addNameRange     '0.1.29',
506 silly addNameRange     '0.1.30',
506 silly addNameRange     '0.1.31',
506 silly addNameRange     '0.1.32',
506 silly addNameRange     '0.1.33',
506 silly addNameRange     '0.1.34' ] ]
507 verbose addNamed [ 'source-map', '0.1.34' ]
508 verbose addNamed [ '0.1.34', '0.1.34' ]
509 silly lockFile 39026ad4-source-map-0-1-34 source-map@0.1.34
510 verbose lock source-map@0.1.34 C:\Users\Geoff Matheson\AppData\Roaming\npm-cache\39026ad4-source-map-0-1-34.lock
511 http 304 https://registry.npmjs.org/underscore/1.4.4
512 silly registry.get cb [ 304,
512 silly registry.get   { date: 'Sat, 05 Jul 2014 22:03:32 GMT',
512 silly registry.get     server: 'Apache',
512 silly registry.get     via: '1.1 varnish',
512 silly registry.get     'last-modified': 'Sat, 05 Jul 2014 22:03:32 GMT',
512 silly registry.get     'cache-control': 'max-age=30',
512 silly registry.get     etag: '"44B0FJYHC99APMAENMG051I7Z"',
512 silly registry.get     'x-served-by': 'cache-jfk1033-JFK',
512 silly registry.get     'x-cache': 'HIT',
512 silly registry.get     'x-cache-hits': '1',
512 silly registry.get     'x-timer': 'S1404597812.644341,VS0,VE82',
512 silly registry.get     vary: 'Accept',
512 silly registry.get     'content-length': '0',
512 silly registry.get     'keep-alive': 'timeout=10, max=50',
512 silly registry.get     connection: 'Keep-Alive' } ]
513 verbose etag underscore/1.4.4 from cache
514 verbose read json C:\Users\Geoff Matheson\AppData\Roaming\npm-cache\source-map\0.1.34\package\package.json
515 verbose read json C:\Users\Geoff Matheson\AppData\Roaming\npm-cache\underscore\1.4.4\package\package.json
516 error Error: No compatible version found: uglify-js@'^2.4.13'
516 error Valid install targets:
516 error ["0.0.1","0.0.2","0.0.3","0.0.4","0.0.5","1.0.1","1.0.2","1.0.3","1.0.4","1.0.5","1.0.6","1.0.7","1.1.0","1.1.1","1.2.0","1.2.1","1.2.2","1.2.3","1.2.4","1.2.5","1.2.6","1.3.0","1.3.1","1.3.2","1.3.3","1.3.4","2.2.0","2.2.1","2.2.2","2.2.3","2.2.4","2.2.5","2.3.0","2.3.1","2.3.2","2.3.3","2.3.4","2.3.5","2.3.6","1.3.5","2.4.0","2.4.1","2.4.2","2.4.3","2.4.4","2.4.5","2.4.6","2.4.7","2.4.8","2.4.9","2.4.10","2.4.11","2.4.12","2.4.13","2.4.14"]
516 error     at installTargetsError (C:\Program Files\nodejs\node_modules\npm\lib\cache.js:563:10)
516 error     at C:\Program Files\nodejs\node_modules\npm\lib\cache.js:478:10
516 error     at saved (C:\Program Files\nodejs\node_modules\npm\node_modules\npm-registry-client\lib\get.js:138:7)
516 error     at C:\Program Files\nodejs\node_modules\npm\node_modules\graceful-fs\graceful-fs.js:218:7
516 error     at Object.oncomplete (fs.js:297:15)
517 error If you need help, you may report this log at:
517 error     <http://github.com/isaacs/npm/issues>
517 error or email it to:
517 error     <npm-@googlegroups.com>
518 error System Windows_NT 6.0.6002
519 error command "C:\\Program Files\\nodejs\\\\node.exe" "C:\\Program Files\\nodejs\\node_modules\\npm\\bin\\npm-cli.js" "install" "-g" "pogo"
520 error cwd c:\Users\GEOFFM~1\Desktop\SI\GabrielMtn.github.io
521 error node -v v0.8.16
522 error npm -v 1.1.69
523 verbose exit [ 1, true ]
